1.00000000
-0.99998190
-0.19875854
1.96122641
0.23751403
0.91762570
0.08237430
0.00000000
0.00000000
0.36673670
0.02225350
0.27077777
-0.09398546
0.56084230
0.00494021
0.00000000
0.00000000
0.18069973
-0.00125766
0.02906584
0.19045395
-0.00598575
0.00000000
0.00000000
1.69427221
0.09753033
0.11958814
0.01622549
0.00000000
0.00000000
0.20490332
0.04674131
0.06719435
0.00000000
0.00000000
0.91158833
-0.01217099
0.00000000
0.00000000
0.09454529
0.00000000
0.00000000
0.00000000
0.00000000
0.00000000
