0.0000000149
0.1036469841
0.0354438400
0.1220641769
0.0289593671
0.0174528257
0.0171150667
0.1527885703
0.1527885703
0.0522993017
0.0051392907
0.0457774922
0.0128607590
0.0727909891
0.0040645304
0.1527885703
0.1527885703
0.0209703959
0.0020439544
0.0104938275
0.0241770073
0.0027846955
0.1527885703
0.1527885703
0.1015548340
0.0134338495
0.1034626493
0.0046669061
0.1527885703
0.1527885703
0.0193126210
0.0184726929
0.0154970368
0.1527885703
0.1527885703
0.0172478879
0.0153554104
0.1527885703
0.1527885703
0.0168729290
0.1527885703
0.1527885703
0.1527885703
0.1527885703
0.1527885703
