 0 phasespace fixed 0  0
 1 xphsp_0mp_f0980f1_mag fixed 10  0
 2 xphsp_0mp_f0980f1_phase fixed 1  0
 3 X_phsp_mass fixed 2  0
 4 X_phsp_width fixed 100  0
 5 f0980_mass fixed 0.964999973774  0
 6 f0980_g1 fixed 0.1650000065565  0
 7 f0980_g2 fixed 2.105000019073  0
 8 f0980_g3 fixed 2.105000019073  0
 9 xphsp_0mp_a0980a1_mag limited -21.69412687312 0.9590862323971
 10 xphsp_0mp_a0980a1_phase limited 4.820975847954 0.1452347953043
 11 a0980_mass fixed 0.9955000281334  0
 12 a0980_g1 fixed 0.3680000007153  0
 13 a0980_g2 fixed 0.465499997139  0
 14 a0980_g3 fixed 0.465499997139  0
 15 a0980_g4 fixed 0.488999992609  0
 16 xphsp_0mp_a0980a2_mag fixed 0  0
 17 xphsp_0mp_a0980a2_phase fixed 0  0
 18 xphsp_0mp_a21320a1_mag limited 0.1030013042991 0.01427207018666
 19 xphsp_0mp_a21320a1_phase limited -5.854834174379 0.1289859768995
 20 a21320_mass fixed 1.317999958992  0
 21 a21320_width fixed 0.1049999967217  0
 22 xphsp_0mp_a21320a2_mag fixed 0  0
 23 xphsp_0mp_a21320a2_phase fixed 0  0
 24 xphsp_0mp_f21270f1_mag limited 0.298797398473 0.02535324475392
 25 xphsp_0mp_f21270f1_phase limited 0.432370891493 0.109118106284
 26 f21270_mass fixed 1.274999976158  0
 27 f21270_width fixed 0.1850000023842  0
 28 xphsp_0mp_f01710f1_mag limited 61.58050465693 5.276731054872
 29 xphsp_0mp_f01710f1_phase limited 0.188748527766 0.127048679794
 30 f01710_mass fixed 1.722000002861  0
 31 f01710_width fixed 0.1350000053644  0
 32 xphsp_0mp_a21700a1_mag limited -0.5722320556736 0.04819651033458
 33 xphsp_0mp_a21700a1_phase limited -2.92823142623 0.1370941837867
 34 a21700_mass fixed 1.731999993324  0
 35 a21700_width fixed 0.194000005722  0
 36 xphsp_0mp_a21700a2_mag fixed 0  0
 37 xphsp_0mp_a21700a2_phase fixed 0  0
 38 xphsp_1pp_a0980a1_mag limited -1.971789564534 0.2748292180241
 39 xphsp_1pp_a0980a1_phase limited 2.208699737405 0.3045707104162
 40 xphsp_1pp_a0980a2_mag fixed 0  0
 41 xphsp_1pp_a0980a2_phase fixed 0  0
 42 xphsp_1pp_a0980a3_mag limited -0.5204455525447 0.1713364844639
 43 xphsp_1pp_a0980a3_phase limited 2.037098733051 0.4737575864924
 44 xphsp_1pp_a0980a4_mag fixed 0  0
 45 xphsp_1pp_a0980a4_phase fixed 0  0
 46 xphsp_1pp_a21320a1_mag limited 0.1468529118718 0.03461958276716
 47 xphsp_1pp_a21320a1_phase limited -2.915477936221 0.3189814907664
 48 xphsp_1pp_a21320a2_mag fixed 0  0
 49 xphsp_1pp_a21320a2_phase fixed 0  0
 50 xphsp_1pp_a21320a3_mag limited -0.1541118477469 0.02417965228992
 51 xphsp_1pp_a21320a3_phase limited 5.295397308131 0.2781543171065
 52 xphsp_1pp_a21320a4_mag fixed 0  0
 53 xphsp_1pp_a21320a4_phase fixed 0  0
 54 xphsp_0mp_a2phspa1_mag limited 0.5071094251798 0.04106419511378
 55 xphsp_0mp_a2phspa1_phase limited 3.533780688275 0.2211213875159
 56 a2phsp_mass fixed 2  0
 57 a2phsp_width fixed 100  0
 58 xphsp_0mp_a2phspa2_mag fixed 0  0
 59 xphsp_0mp_a2phspa2_phase fixed 0  0
 60 xphsp_0mp_f2phspf1_mag limited -0.9917781686174 0.05374809228259
 61 xphsp_0mp_f2phspf1_phase limited -4.608776646386 0.1366875699961
 62 f2phsp_mass fixed 2  0
 63 f2phsp_width fixed 100  0
 64 xphsp_1pp_f01370f1_mag limited 2.483760196504 0.5916908148731
 65 xphsp_1pp_f01370f1_phase limited -1.035345723766 0.2634704530812
 66 f01370_mass fixed 1.350000023842  0
 67 f01370_width fixed 0.2310000061989  0
 68 xphsp_1pp_f01370f2_mag limited -1.016042830483 0.5178057894029
 69 xphsp_1pp_f01370f2_phase limited 1.556636231345 0.4103479689396
 70 xphsp_1pp_a21700a1_mag limited -0.4336877476512 0.1076959517384
 71 xphsp_1pp_a21700a1_phase limited -4.946797645867 0.2015503105415
 72 xphsp_1pp_a21700a2_mag fixed 0  0
 73 xphsp_1pp_a21700a2_phase fixed 0  0
 74 xphsp_1pp_a21700a3_mag limited -0.3263994370682 0.0687997652537
 75 xphsp_1pp_a21700a3_phase limited -5.590249005971 0.2207944721751
 76 xphsp_1pp_a21700a4_mag fixed 0  0
 77 xphsp_1pp_a21700a4_phase fixed 0  0
 78 xphsp_0mp_f01500f1_mag limited 9.750070141405 2.91729824268
 79 xphsp_0mp_f01500f1_phase limited -1.999881800567 0.1720499246284
 80 f01500_mass fixed 1.504999995232  0
 81 f01500_width fixed 0.1089999973774  0
